2019-04-29 10:18:05.399  INFO 31289 --- [restartedMain] com.example.Example                      : Starting Example on gx with PID 31289 (/home/guanxine/work/git/learn-spring-boot/1-create-pom/target/classes started by guanxine in /home/guanxine/work/git/learn-spring-boot/1-create-pom)
2019-04-29 10:18:05.420 DEBUG 31289 --- [restartedMain] com.example.Example                      : Running with Spring Boot v2.1.4.RELEASE, Spring v5.1.6.RELEASE
2019-04-29 10:18:05.421  INFO 31289 --- [restartedMain] com.example.Example                      : No active profile set, falling back to default profiles: default
2019-04-29 10:18:05.503  INFO 31289 --- [restartedMain] .e.DevToolsPropertyDefaultsPostProcessor : Devtools property defaults active! Set 'spring.devtools.add-properties' to 'false' to disable
2019-04-29 10:18:06.380  INFO 31289 --- [restartedMain] o.s.b.w.embedded.tomcat.TomcatWebServer  : Tomcat initialized with port(s): 8089 (http)
2019-04-29 10:18:06.397  INFO 31289 --- [restartedMain] o.apache.catalina.core.StandardService   : Starting service [Tomcat]
2019-04-29 10:18:06.397  INFO 31289 --- [restartedMain] org.apache.catalina.core.StandardEngine  : Starting Servlet engine: [Apache Tomcat/9.0.17]
2019-04-29 10:18:06.445  INFO 31289 --- [restartedMain] o.a.c.c.C.[Tomcat].[localhost].[/]       : Initializing Spring embedded WebApplicationContext
2019-04-29 10:18:06.445 DEBUG 31289 --- [restartedMain] o.s.web.context.ContextLoader            : Published root WebApplicationContext as ServletContext attribute with name [org.springframework.web.context.WebApplicationContext.ROOT]
2019-04-29 10:18:06.445  INFO 31289 --- [restartedMain] o.s.web.context.ContextLoader            : Root WebApplicationContext: initialization completed in 942 ms
2019-04-29 10:18:06.480 DEBUG 31289 --- [restartedMain] o.s.b.w.s.ServletContextInitializerBeans : Mapping filters: com.example.filter.BaseFilter3 urls=[/*], characterEncodingFilter urls=[/*], hiddenHttpMethodFilter urls=[/*], formContentFilter urls=[/*], requestContextFilter urls=[/*], springFilter1 urls=[/*], springFilter2 urls=[/*]
2019-04-29 10:18:06.481 DEBUG 31289 --- [restartedMain] o.s.b.w.s.ServletContextInitializerBeans : Mapping servlets: dispatcherServlet urls=[/], html urls=[/]
2019-04-29 10:18:06.501 DEBUG 31289 --- [restartedMain] com.example.filter.FilterConfig          : Init filter config..
2019-04-29 10:18:06.539 DEBUG 31289 --- [restartedMain] o.s.w.s.handler.SimpleUrlHandlerMapping  : Patterns [/**/favicon.ico] in 'faviconHandlerMapping'
2019-04-29 10:18:06.623  INFO 31289 --- [restartedMain] o.s.s.concurrent.ThreadPoolTaskExecutor  : Initializing ExecutorService 'applicationTaskExecutor'
2019-04-29 10:18:06.631 DEBUG 31289 --- [restartedMain] s.w.s.m.m.a.RequestMappingHandlerAdapter : ControllerAdvice beans: 0 @ModelAttribute, 0 @InitBinder, 1 RequestBodyAdvice, 1 ResponseBodyAdvice
2019-04-29 10:18:06.668 DEBUG 31289 --- [restartedMain] s.w.s.m.m.a.RequestMappingHandlerMapping : 5 mappings in 'requestMappingHandlerMapping'
2019-04-29 10:18:06.676 DEBUG 31289 --- [restartedMain] o.s.w.s.handler.SimpleUrlHandlerMapping  : Patterns [/webjars/**, /**] in 'resourceHandlerMapping'
2019-04-29 10:18:06.682 DEBUG 31289 --- [restartedMain] .m.m.a.ExceptionHandlerExceptionResolver : ControllerAdvice beans: 0 @ExceptionHandler, 1 ResponseBodyAdvice
2019-04-29 10:18:06.742  INFO 31289 --- [restartedMain] o.s.b.d.a.OptionalLiveReloadServer       : LiveReload server is running on port 35729
2019-04-29 10:18:06.775  INFO 31289 --- [restartedMain] o.s.b.w.embedded.tomcat.TomcatWebServer  : Tomcat started on port(s): 8089 (http) with context path ''
2019-04-29 10:18:06.777  INFO 31289 --- [restartedMain] com.example.Example                      : Started Example in 1.697 seconds (JVM running for 2.224)
2019-04-29 10:18:21.490  INFO 31289 --- [http-nio-8089-exec-2] o.a.c.c.C.[Tomcat].[localhost].[/]       : Initializing Spring DispatcherServlet 'dispatcherServlet'
2019-04-29 10:18:21.490  INFO 31289 --- [http-nio-8089-exec-2] o.s.web.servlet.DispatcherServlet        : Initializing Servlet 'dispatcherServlet'
2019-04-29 10:18:21.490 DEBUG 31289 --- [http-nio-8089-exec-2] o.s.web.servlet.DispatcherServlet        : Detected StandardServletMultipartResolver
2019-04-29 10:18:21.496 DEBUG 31289 --- [http-nio-8089-exec-2] o.s.web.servlet.DispatcherServlet        : enableLoggingRequestDetails='false': request parameters and headers will be masked to prevent unsafe logging of potentially sensitive data
2019-04-29 10:18:21.497  INFO 31289 --- [http-nio-8089-exec-2] o.s.web.servlet.DispatcherServlet        : Completed initialization in 7 ms
2019-04-29 10:18:21.503  INFO 31289 --- [http-nio-8089-exec-2] com.example.filter.SpringFilter1         : SpringFilter1...
2019-04-29 10:18:21.504  INFO 31289 --- [http-nio-8089-exec-2] com.example.filter.SpringFilter2         : SpringFilter2...
2019-04-29 10:18:21.504  INFO 31289 --- [http-nio-8089-exec-2] com.example.filter.BaseFilter3           : Base Filter3...
2019-04-29 10:18:21.506 DEBUG 31289 --- [http-nio-8089-exec-2] o.s.web.servlet.DispatcherServlet        : GET "/users/1", parameters={}
2019-04-29 10:18:21.512 DEBUG 31289 --- [http-nio-8089-exec-2] s.w.s.m.m.a.RequestMappingHandlerMapping : Mapped to public com.example.user.User com.example.user.UserController.getUser(java.lang.Long)
2019-04-29 10:18:21.524 DEBUG 31289 --- [http-nio-8089-exec-2] com.example.user.UserController          : This is a debug message
2019-04-29 10:18:21.525  INFO 31289 --- [http-nio-8089-exec-2] com.example.user.UserController          : This is an info message
2019-04-29 10:18:21.525  WARN 31289 --- [http-nio-8089-exec-2] com.example.user.UserController          : This is a warn message
2019-04-29 10:18:21.525 ERROR 31289 --- [http-nio-8089-exec-2] com.example.user.UserController          : This is an error message
2019-04-29 10:18:21.638 DEBUG 31289 --- [http-nio-8089-exec-2] m.m.a.RequestResponseBodyMethodProcessor : Using 'application/json', given [*/*] and supported [application/json, application/*+json, application/json, application/*+json]
2019-04-29 10:18:21.638 DEBUG 31289 --- [http-nio-8089-exec-2] m.m.a.RequestResponseBodyMethodProcessor : Writing [com.example.user.User@40ec427]
2019-04-29 10:18:21.651 DEBUG 31289 --- [http-nio-8089-exec-2] o.s.web.servlet.DispatcherServlet        : Completed 200 OK
2019-04-29 10:18:26.862  INFO 31289 --- [http-nio-8089-exec-3] com.example.filter.SpringFilter1         : SpringFilter1...
2019-04-29 10:18:26.862  INFO 31289 --- [http-nio-8089-exec-3] com.example.filter.SpringFilter2         : SpringFilter2...
2019-04-29 10:18:26.862  INFO 31289 --- [http-nio-8089-exec-3] com.example.filter.BaseFilter3           : Base Filter3...
2019-04-29 10:18:26.863 DEBUG 31289 --- [http-nio-8089-exec-3] o.s.web.servlet.DispatcherServlet        : GET "/html", parameters={}
2019-04-29 10:18:26.865 DEBUG 31289 --- [http-nio-8089-exec-3] o.s.w.s.handler.SimpleUrlHandlerMapping  : Mapped to ResourceHttpRequestHandler ["classpath:/META-INF/resources/", "classpath:/resources/", "classpath:/static/", "classpath:/public/", "/"]
2019-04-29 10:18:26.866 DEBUG 31289 --- [http-nio-8089-exec-3] o.s.w.s.r.ResourceHttpRequestHandler     : Resource not found
2019-04-29 10:18:26.866 DEBUG 31289 --- [http-nio-8089-exec-3] o.s.web.servlet.DispatcherServlet        : Completed 404 NOT_FOUND
2019-04-29 10:18:26.870 DEBUG 31289 --- [http-nio-8089-exec-3] o.s.web.servlet.DispatcherServlet        : "ERROR" dispatch for GET "/error", parameters={}
2019-04-29 10:18:26.871 DEBUG 31289 --- [http-nio-8089-exec-3] s.w.s.m.m.a.RequestMappingHandlerMapping : Mapped to public org.springframework.http.ResponseEntity<java.util.Map<java.lang.String, java.lang.Object>> org.springframework.boot.autoconfigure.web.servlet.error.BasicErrorController.error(javax.servlet.http.HttpServletRequest)
2019-04-29 10:18:26.879 DEBUG 31289 --- [http-nio-8089-exec-3] o.s.w.s.m.m.a.HttpEntityMethodProcessor  : Using 'application/json', given [*/*] and supported [application/json, application/*+json, application/json, application/*+json]
2019-04-29 10:18:26.879 DEBUG 31289 --- [http-nio-8089-exec-3] o.s.w.s.m.m.a.HttpEntityMethodProcessor  : Writing [{timestamp=Mon Apr 29 10:18:26 CST 2019, status=404, error=Not Found, message=No message available,  (truncated)...]
2019-04-29 10:18:26.886 DEBUG 31289 --- [http-nio-8089-exec-3] o.s.web.servlet.DispatcherServlet        : Exiting from "ERROR" dispatch, status 404
2019-04-29 10:19:06.136  INFO 31289 --- [http-nio-8089-exec-4] com.example.filter.SpringFilter1         : SpringFilter1...
2019-04-29 10:19:06.136  INFO 31289 --- [http-nio-8089-exec-4] com.example.filter.SpringFilter2         : SpringFilter2...
2019-04-29 10:19:06.136  INFO 31289 --- [http-nio-8089-exec-4] com.example.filter.BaseFilter3           : Base Filter3...
2019-04-29 10:19:06.136 DEBUG 31289 --- [http-nio-8089-exec-4] o.s.web.servlet.DispatcherServlet        : GET "/htmlServlet", parameters={}
2019-04-29 10:19:06.137 DEBUG 31289 --- [http-nio-8089-exec-4] o.s.w.s.handler.SimpleUrlHandlerMapping  : Mapped to ResourceHttpRequestHandler ["classpath:/META-INF/resources/", "classpath:/resources/", "classpath:/static/", "classpath:/public/", "/"]
2019-04-29 10:19:06.138 DEBUG 31289 --- [http-nio-8089-exec-4] o.s.w.s.r.ResourceHttpRequestHandler     : Resource not found
2019-04-29 10:19:06.138 DEBUG 31289 --- [http-nio-8089-exec-4] o.s.web.servlet.DispatcherServlet        : Completed 404 NOT_FOUND
2019-04-29 10:19:06.138 DEBUG 31289 --- [http-nio-8089-exec-4] o.s.web.servlet.DispatcherServlet        : "ERROR" dispatch for GET "/error", parameters={}
2019-04-29 10:19:06.139 DEBUG 31289 --- [http-nio-8089-exec-4] s.w.s.m.m.a.RequestMappingHandlerMapping : Mapped to public org.springframework.http.ResponseEntity<java.util.Map<java.lang.String, java.lang.Object>> org.springframework.boot.autoconfigure.web.servlet.error.BasicErrorController.error(javax.servlet.http.HttpServletRequest)
2019-04-29 10:19:06.139 DEBUG 31289 --- [http-nio-8089-exec-4] o.s.w.s.m.m.a.HttpEntityMethodProcessor  : Using 'application/json', given [*/*] and supported [application/json, application/*+json, application/json, application/*+json]
2019-04-29 10:19:06.140 DEBUG 31289 --- [http-nio-8089-exec-4] o.s.w.s.m.m.a.HttpEntityMethodProcessor  : Writing [{timestamp=Mon Apr 29 10:19:06 CST 2019, status=404, error=Not Found, message=No message available,  (truncated)...]
2019-04-29 10:19:06.141 DEBUG 31289 --- [http-nio-8089-exec-4] o.s.web.servlet.DispatcherServlet        : Exiting from "ERROR" dispatch, status 404
2019-04-29 10:19:12.347  INFO 31289 --- [http-nio-8089-exec-5] com.example.filter.SpringFilter1         : SpringFilter1...
2019-04-29 10:19:12.348  INFO 31289 --- [http-nio-8089-exec-5] com.example.filter.SpringFilter2         : SpringFilter2...
2019-04-29 10:19:12.348  INFO 31289 --- [http-nio-8089-exec-5] com.example.filter.BaseFilter3           : Base Filter3...
2019-04-29 10:19:12.348 DEBUG 31289 --- [http-nio-8089-exec-5] o.s.web.servlet.DispatcherServlet        : GET "/html", parameters={}
2019-04-29 10:19:12.348 DEBUG 31289 --- [http-nio-8089-exec-5] o.s.w.s.handler.SimpleUrlHandlerMapping  : Mapped to ResourceHttpRequestHandler ["classpath:/META-INF/resources/", "classpath:/resources/", "classpath:/static/", "classpath:/public/", "/"]
2019-04-29 10:19:12.349 DEBUG 31289 --- [http-nio-8089-exec-5] o.s.w.s.r.ResourceHttpRequestHandler     : Resource not found
2019-04-29 10:19:12.350 DEBUG 31289 --- [http-nio-8089-exec-5] o.s.web.servlet.DispatcherServlet        : Completed 404 NOT_FOUND
2019-04-29 10:19:12.350 DEBUG 31289 --- [http-nio-8089-exec-5] o.s.web.servlet.DispatcherServlet        : "ERROR" dispatch for GET "/error", parameters={}
2019-04-29 10:19:12.350 DEBUG 31289 --- [http-nio-8089-exec-5] s.w.s.m.m.a.RequestMappingHandlerMapping : Mapped to public org.springframework.http.ResponseEntity<java.util.Map<java.lang.String, java.lang.Object>> org.springframework.boot.autoconfigure.web.servlet.error.BasicErrorController.error(javax.servlet.http.HttpServletRequest)
2019-04-29 10:19:12.351 DEBUG 31289 --- [http-nio-8089-exec-5] o.s.w.s.m.m.a.HttpEntityMethodProcessor  : Using 'application/json', given [*/*] and supported [application/json, application/*+json, application/json, application/*+json]
2019-04-29 10:19:12.351 DEBUG 31289 --- [http-nio-8089-exec-5] o.s.w.s.m.m.a.HttpEntityMethodProcessor  : Writing [{timestamp=Mon Apr 29 10:19:12 CST 2019, status=404, error=Not Found, message=No message available,  (truncated)...]
2019-04-29 10:19:12.352 DEBUG 31289 --- [http-nio-8089-exec-5] o.s.web.servlet.DispatcherServlet        : Exiting from "ERROR" dispatch, status 404
2019-04-29 10:19:50.938  INFO 31289 --- [Thread-11] o.s.s.concurrent.ThreadPoolTaskExecutor  : Shutting down ExecutorService 'applicationTaskExecutor'
2019-04-29 10:19:56.212  INFO 31591 --- [restartedMain] com.example.Example                      : Starting Example on gx with PID 31591 (/home/guanxine/work/git/learn-spring-boot/1-create-pom/target/classes started by guanxine in /home/guanxine/work/git/learn-spring-boot/1-create-pom)
2019-04-29 10:19:56.218 DEBUG 31591 --- [restartedMain] com.example.Example                      : Running with Spring Boot v2.1.4.RELEASE, Spring v5.1.6.RELEASE
2019-04-29 10:19:56.219  INFO 31591 --- [restartedMain] com.example.Example                      : No active profile set, falling back to default profiles: default
2019-04-29 10:19:56.273  INFO 31591 --- [restartedMain] .e.DevToolsPropertyDefaultsPostProcessor : Devtools property defaults active! Set 'spring.devtools.add-properties' to 'false' to disable
2019-04-29 10:19:57.148  INFO 31591 --- [restartedMain] o.s.b.w.embedded.tomcat.TomcatWebServer  : Tomcat initialized with port(s): 8089 (http)
2019-04-29 10:19:57.165  INFO 31591 --- [restartedMain] o.apache.catalina.core.StandardService   : Starting service [Tomcat]
2019-04-29 10:19:57.166  INFO 31591 --- [restartedMain] org.apache.catalina.core.StandardEngine  : Starting Servlet engine: [Apache Tomcat/9.0.17]
2019-04-29 10:19:57.214  INFO 31591 --- [restartedMain] o.a.c.c.C.[Tomcat].[localhost].[/]       : Initializing Spring embedded WebApplicationContext
2019-04-29 10:19:57.214 DEBUG 31591 --- [restartedMain] o.s.web.context.ContextLoader            : Published root WebApplicationContext as ServletContext attribute with name [org.springframework.web.context.WebApplicationContext.ROOT]
2019-04-29 10:19:57.214  INFO 31591 --- [restartedMain] o.s.web.context.ContextLoader            : Root WebApplicationContext: initialization completed in 941 ms
2019-04-29 10:19:57.251 DEBUG 31591 --- [restartedMain] o.s.b.w.s.ServletContextInitializerBeans : Mapping filters: com.example.filter.BaseFilter3 urls=[/*], characterEncodingFilter urls=[/*], hiddenHttpMethodFilter urls=[/*], formContentFilter urls=[/*], requestContextFilter urls=[/*], springFilter1 urls=[/*], springFilter2 urls=[/*]
2019-04-29 10:19:57.252 DEBUG 31591 --- [restartedMain] o.s.b.w.s.ServletContextInitializerBeans : Mapping servlets: dispatcherServlet urls=[/], html urls=[/]
2019-04-29 10:19:57.272 DEBUG 31591 --- [restartedMain] com.example.filter.FilterConfig          : Init filter config..
2019-04-29 10:19:57.308 DEBUG 31591 --- [restartedMain] o.s.w.s.handler.SimpleUrlHandlerMapping  : Patterns [/**/favicon.ico] in 'faviconHandlerMapping'
2019-04-29 10:19:57.406  INFO 31591 --- [restartedMain] o.s.s.concurrent.ThreadPoolTaskExecutor  : Initializing ExecutorService 'applicationTaskExecutor'
2019-04-29 10:19:57.414 DEBUG 31591 --- [restartedMain] s.w.s.m.m.a.RequestMappingHandlerAdapter : ControllerAdvice beans: 0 @ModelAttribute, 0 @InitBinder, 1 RequestBodyAdvice, 1 ResponseBodyAdvice
2019-04-29 10:19:57.451 DEBUG 31591 --- [restartedMain] s.w.s.m.m.a.RequestMappingHandlerMapping : 5 mappings in 'requestMappingHandlerMapping'
2019-04-29 10:19:57.461 DEBUG 31591 --- [restartedMain] o.s.w.s.handler.SimpleUrlHandlerMapping  : Patterns [/webjars/**, /**] in 'resourceHandlerMapping'
2019-04-29 10:19:57.470 DEBUG 31591 --- [restartedMain] .m.m.a.ExceptionHandlerExceptionResolver : ControllerAdvice beans: 0 @ExceptionHandler, 1 ResponseBodyAdvice
2019-04-29 10:19:57.547  INFO 31591 --- [restartedMain] o.s.b.d.a.OptionalLiveReloadServer       : LiveReload server is running on port 35729
2019-04-29 10:19:57.582  INFO 31591 --- [restartedMain] o.s.b.w.embedded.tomcat.TomcatWebServer  : Tomcat started on port(s): 8089 (http) with context path ''
2019-04-29 10:19:57.586  INFO 31591 --- [restartedMain] com.example.Example                      : Started Example in 1.72 seconds (JVM running for 2.171)
2019-04-29 10:31:17.709  INFO 31591 --- [http-nio-8089-exec-1] o.a.c.c.C.[Tomcat].[localhost].[/]       : Initializing Spring DispatcherServlet 'dispatcherServlet'
2019-04-29 10:31:17.709  INFO 31591 --- [http-nio-8089-exec-1] o.s.web.servlet.DispatcherServlet        : Initializing Servlet 'dispatcherServlet'
2019-04-29 10:31:17.709 DEBUG 31591 --- [http-nio-8089-exec-1] o.s.web.servlet.DispatcherServlet        : Detected StandardServletMultipartResolver
2019-04-29 10:31:17.714 DEBUG 31591 --- [http-nio-8089-exec-1] o.s.web.servlet.DispatcherServlet        : enableLoggingRequestDetails='false': request parameters and headers will be masked to prevent unsafe logging of potentially sensitive data
2019-04-29 10:31:17.714  INFO 31591 --- [http-nio-8089-exec-1] o.s.web.servlet.DispatcherServlet        : Completed initialization in 5 ms
2019-04-29 10:31:17.719  INFO 31591 --- [http-nio-8089-exec-1] com.example.filter.SpringFilter1         : SpringFilter1...
2019-04-29 10:31:17.719  INFO 31591 --- [http-nio-8089-exec-1] com.example.filter.SpringFilter2         : SpringFilter2...
2019-04-29 10:31:17.720  INFO 31591 --- [http-nio-8089-exec-1] com.example.filter.BaseFilter3           : Base Filter3...
2019-04-29 10:31:17.721 DEBUG 31591 --- [http-nio-8089-exec-1] o.s.web.servlet.DispatcherServlet        : GET "/", parameters={}
2019-04-29 10:31:17.724 DEBUG 31591 --- [http-nio-8089-exec-1] s.w.s.m.m.a.RequestMappingHandlerMapping : Mapped to java.lang.String com.example.Example.home()
2019-04-29 10:31:17.741 DEBUG 31591 --- [http-nio-8089-exec-1] m.m.a.RequestResponseBodyMethodProcessor : Using 'text/plain', given [*/*] and supported [text/plain, */*, text/plain, */*, application/json, application/*+json, application/json, application/*+json]
2019-04-29 10:31:17.741 DEBUG 31591 --- [http-nio-8089-exec-1] m.m.a.RequestResponseBodyMethodProcessor : Writing ["Hello, World~"]
2019-04-29 10:31:17.746 DEBUG 31591 --- [http-nio-8089-exec-1] o.s.web.servlet.DispatcherServlet        : Completed 200 OK
2019-04-29 10:31:38.479  INFO 31591 --- [http-nio-8089-exec-3] com.example.filter.SpringFilter1         : SpringFilter1...
2019-04-29 10:31:38.479  INFO 31591 --- [http-nio-8089-exec-3] com.example.filter.SpringFilter2         : SpringFilter2...
2019-04-29 10:31:38.479  INFO 31591 --- [http-nio-8089-exec-3] com.example.filter.BaseFilter3           : Base Filter3...
2019-04-29 10:31:38.479 DEBUG 31591 --- [http-nio-8089-exec-3] o.s.web.servlet.DispatcherServlet        : GET "/html", parameters={}
2019-04-29 10:31:38.482 DEBUG 31591 --- [http-nio-8089-exec-3] o.s.w.s.handler.SimpleUrlHandlerMapping  : Mapped to ResourceHttpRequestHandler ["classpath:/META-INF/resources/", "classpath:/resources/", "classpath:/static/", "classpath:/public/", "/"]
2019-04-29 10:31:38.483 DEBUG 31591 --- [http-nio-8089-exec-3] o.s.w.s.r.ResourceHttpRequestHandler     : Resource not found
2019-04-29 10:31:38.483 DEBUG 31591 --- [http-nio-8089-exec-3] o.s.web.servlet.DispatcherServlet        : Completed 404 NOT_FOUND
2019-04-29 10:31:38.487 DEBUG 31591 --- [http-nio-8089-exec-3] o.s.web.servlet.DispatcherServlet        : "ERROR" dispatch for GET "/error", parameters={}
2019-04-29 10:31:38.488 DEBUG 31591 --- [http-nio-8089-exec-3] s.w.s.m.m.a.RequestMappingHandlerMapping : Mapped to public org.springframework.http.ResponseEntity<java.util.Map<java.lang.String, java.lang.Object>> org.springframework.boot.autoconfigure.web.servlet.error.BasicErrorController.error(javax.servlet.http.HttpServletRequest)
2019-04-29 10:31:38.500 DEBUG 31591 --- [http-nio-8089-exec-3] o.s.w.s.m.m.a.HttpEntityMethodProcessor  : Using 'application/json', given [*/*] and supported [application/json, application/*+json, application/json, application/*+json]
2019-04-29 10:31:38.500 DEBUG 31591 --- [http-nio-8089-exec-3] o.s.w.s.m.m.a.HttpEntityMethodProcessor  : Writing [{timestamp=Mon Apr 29 10:31:38 CST 2019, status=404, error=Not Found, message=No message available,  (truncated)...]
2019-04-29 10:31:38.636 DEBUG 31591 --- [http-nio-8089-exec-3] o.s.web.servlet.DispatcherServlet        : Exiting from "ERROR" dispatch, status 404
2019-04-29 10:34:43.044  INFO 31591 --- [Thread-11] o.s.s.concurrent.ThreadPoolTaskExecutor  : Shutting down ExecutorService 'applicationTaskExecutor'
2019-04-29 10:34:47.239  INFO 663 --- [restartedMain] com.example.Example                      : Starting Example on gx with PID 663 (/home/guanxine/work/git/learn-spring-boot/1-create-pom/target/classes started by guanxine in /home/guanxine/work/git/learn-spring-boot/1-create-pom)
2019-04-29 10:34:47.245 DEBUG 663 --- [restartedMain] com.example.Example                      : Running with Spring Boot v2.1.4.RELEASE, Spring v5.1.6.RELEASE
2019-04-29 10:34:47.246  INFO 663 --- [restartedMain] com.example.Example                      : No active profile set, falling back to default profiles: default
2019-04-29 10:34:47.300  INFO 663 --- [restartedMain] .e.DevToolsPropertyDefaultsPostProcessor : Devtools property defaults active! Set 'spring.devtools.add-properties' to 'false' to disable
2019-04-29 10:34:48.176  INFO 663 --- [restartedMain] o.s.b.w.embedded.tomcat.TomcatWebServer  : Tomcat initialized with port(s): 8089 (http)
2019-04-29 10:34:48.194  INFO 663 --- [restartedMain] o.apache.catalina.core.StandardService   : Starting service [Tomcat]
2019-04-29 10:34:48.195  INFO 663 --- [restartedMain] org.apache.catalina.core.StandardEngine  : Starting Servlet engine: [Apache Tomcat/9.0.17]
2019-04-29 10:34:48.246  INFO 663 --- [restartedMain] o.a.c.c.C.[Tomcat].[localhost].[/]       : Initializing Spring embedded WebApplicationContext
2019-04-29 10:34:48.246 DEBUG 663 --- [restartedMain] o.s.web.context.ContextLoader            : Published root WebApplicationContext as ServletContext attribute with name [org.springframework.web.context.WebApplicationContext.ROOT]
2019-04-29 10:34:48.246  INFO 663 --- [restartedMain] o.s.web.context.ContextLoader            : Root WebApplicationContext: initialization completed in 945 ms
2019-04-29 10:35:02.680 DEBUG 663 --- [restartedMain] o.s.b.w.s.ServletContextInitializerBeans : Mapping filters: com.example.filter.BaseFilter3 urls=[/*], characterEncodingFilter urls=[/*], hiddenHttpMethodFilter urls=[/*], formContentFilter urls=[/*], requestContextFilter urls=[/*], springFilter1 urls=[/*], springFilter2 urls=[/*]
2019-04-29 10:35:02.681 DEBUG 663 --- [restartedMain] o.s.b.w.s.ServletContextInitializerBeans : Mapping servlets: dispatcherServlet urls=[/], html urls=[/]
2019-04-29 10:35:02.704 DEBUG 663 --- [restartedMain] com.example.filter.FilterConfig          : Init filter config..
2019-04-29 10:35:02.739 DEBUG 663 --- [restartedMain] o.s.w.s.handler.SimpleUrlHandlerMapping  : Patterns [/**/favicon.ico] in 'faviconHandlerMapping'
2019-04-29 10:35:02.821  INFO 663 --- [restartedMain] o.s.s.concurrent.ThreadPoolTaskExecutor  : Initializing ExecutorService 'applicationTaskExecutor'
2019-04-29 10:35:02.829 DEBUG 663 --- [restartedMain] s.w.s.m.m.a.RequestMappingHandlerAdapter : ControllerAdvice beans: 0 @ModelAttribute, 0 @InitBinder, 1 RequestBodyAdvice, 1 ResponseBodyAdvice
2019-04-29 10:35:02.864 DEBUG 663 --- [restartedMain] s.w.s.m.m.a.RequestMappingHandlerMapping : 5 mappings in 'requestMappingHandlerMapping'
2019-04-29 10:35:02.873 DEBUG 663 --- [restartedMain] o.s.w.s.handler.SimpleUrlHandlerMapping  : Patterns [/webjars/**, /**] in 'resourceHandlerMapping'
2019-04-29 10:35:02.879 DEBUG 663 --- [restartedMain] .m.m.a.ExceptionHandlerExceptionResolver : ControllerAdvice beans: 0 @ExceptionHandler, 1 ResponseBodyAdvice
2019-04-29 10:35:02.943  INFO 663 --- [restartedMain] o.s.b.d.a.OptionalLiveReloadServer       : LiveReload server is running on port 35729
2019-04-29 10:35:02.980  INFO 663 --- [restartedMain] o.s.b.w.embedded.tomcat.TomcatWebServer  : Tomcat started on port(s): 8089 (http) with context path ''
2019-04-29 10:35:02.984  INFO 663 --- [restartedMain] com.example.Example                      : Started Example in 16.076 seconds (JVM running for 16.538)
2019-04-29 10:35:28.052  INFO 663 --- [http-nio-8089-exec-1] o.a.c.c.C.[Tomcat].[localhost].[/]       : Initializing Spring DispatcherServlet 'dispatcherServlet'
2019-04-29 10:35:28.052  INFO 663 --- [http-nio-8089-exec-1] o.s.web.servlet.DispatcherServlet        : Initializing Servlet 'dispatcherServlet'
2019-04-29 10:35:28.053 DEBUG 663 --- [http-nio-8089-exec-1] o.s.web.servlet.DispatcherServlet        : Detected StandardServletMultipartResolver
2019-04-29 10:35:28.057 DEBUG 663 --- [http-nio-8089-exec-1] o.s.web.servlet.DispatcherServlet        : enableLoggingRequestDetails='false': request parameters and headers will be masked to prevent unsafe logging of potentially sensitive data
2019-04-29 10:35:28.057  INFO 663 --- [http-nio-8089-exec-1] o.s.web.servlet.DispatcherServlet        : Completed initialization in 4 ms
2019-04-29 10:35:28.062  INFO 663 --- [http-nio-8089-exec-1] com.example.filter.SpringFilter1         : SpringFilter1...
2019-04-29 10:35:28.062  INFO 663 --- [http-nio-8089-exec-1] com.example.filter.SpringFilter2         : SpringFilter2...
2019-04-29 10:35:28.062  INFO 663 --- [http-nio-8089-exec-1] com.example.filter.BaseFilter3           : Base Filter3...
2019-04-29 10:35:28.064 DEBUG 663 --- [http-nio-8089-exec-1] o.s.web.servlet.DispatcherServlet        : GET "/html", parameters={}
2019-04-29 10:35:28.069 DEBUG 663 --- [http-nio-8089-exec-1] o.s.w.s.handler.SimpleUrlHandlerMapping  : Mapped to ResourceHttpRequestHandler ["classpath:/META-INF/resources/", "classpath:/resources/", "classpath:/static/", "classpath:/public/", "/"]
2019-04-29 10:35:28.071 DEBUG 663 --- [http-nio-8089-exec-1] o.s.w.s.r.ResourceHttpRequestHandler     : Resource not found
2019-04-29 10:35:28.071 DEBUG 663 --- [http-nio-8089-exec-1] o.s.web.servlet.DispatcherServlet        : Completed 404 NOT_FOUND
2019-04-29 10:35:28.075 DEBUG 663 --- [http-nio-8089-exec-1] o.s.web.servlet.DispatcherServlet        : "ERROR" dispatch for GET "/error", parameters={}
2019-04-29 10:35:28.077 DEBUG 663 --- [http-nio-8089-exec-1] s.w.s.m.m.a.RequestMappingHandlerMapping : Mapped to public org.springframework.http.ResponseEntity<java.util.Map<java.lang.String, java.lang.Object>> org.springframework.boot.autoconfigure.web.servlet.error.BasicErrorController.error(javax.servlet.http.HttpServletRequest)
2019-04-29 10:35:28.180 DEBUG 663 --- [http-nio-8089-exec-1] o.s.w.s.m.m.a.HttpEntityMethodProcessor  : Using 'application/json', given [*/*] and supported [application/json, application/*+json, application/json, application/*+json]
2019-04-29 10:35:28.181 DEBUG 663 --- [http-nio-8089-exec-1] o.s.w.s.m.m.a.HttpEntityMethodProcessor  : Writing [{timestamp=Mon Apr 29 10:35:28 CST 2019, status=404, error=Not Found, message=No message available,  (truncated)...]
2019-04-29 10:35:28.210 DEBUG 663 --- [http-nio-8089-exec-1] o.s.web.servlet.DispatcherServlet        : Exiting from "ERROR" dispatch, status 404
2019-04-29 10:35:32.568  INFO 663 --- [http-nio-8089-exec-3] com.example.filter.SpringFilter1         : SpringFilter1...
2019-04-29 10:35:32.569  INFO 663 --- [http-nio-8089-exec-3] com.example.filter.SpringFilter2         : SpringFilter2...
2019-04-29 10:35:32.569  INFO 663 --- [http-nio-8089-exec-3] com.example.filter.BaseFilter3           : Base Filter3...
2019-04-29 10:35:32.569 DEBUG 663 --- [http-nio-8089-exec-3] o.s.web.servlet.DispatcherServlet        : GET "/", parameters={}
2019-04-29 10:35:32.570 DEBUG 663 --- [http-nio-8089-exec-3] s.w.s.m.m.a.RequestMappingHandlerMapping : Mapped to java.lang.String com.example.Example.home()
2019-04-29 10:35:32.572 DEBUG 663 --- [http-nio-8089-exec-3] m.m.a.RequestResponseBodyMethodProcessor : Using 'text/plain', given [*/*] and supported [text/plain, */*, text/plain, */*, application/json, application/*+json, application/json, application/*+json]
2019-04-29 10:35:32.572 DEBUG 663 --- [http-nio-8089-exec-3] m.m.a.RequestResponseBodyMethodProcessor : Writing ["Hello, World~"]
2019-04-29 10:35:32.574 DEBUG 663 --- [http-nio-8089-exec-3] o.s.web.servlet.DispatcherServlet        : Completed 200 OK
2019-04-29 10:36:22.906  INFO 663 --- [Thread-11] o.s.s.concurrent.ThreadPoolTaskExecutor  : Shutting down ExecutorService 'applicationTaskExecutor'
2019-04-29 10:36:26.722  INFO 959 --- [restartedMain] com.example.Example                      : Starting Example on gx with PID 959 (/home/guanxine/work/git/learn-spring-boot/1-create-pom/target/classes started by guanxine in /home/guanxine/work/git/learn-spring-boot/1-create-pom)
2019-04-29 10:36:26.728 DEBUG 959 --- [restartedMain] com.example.Example                      : Running with Spring Boot v2.1.4.RELEASE, Spring v5.1.6.RELEASE
2019-04-29 10:36:26.729  INFO 959 --- [restartedMain] com.example.Example                      : No active profile set, falling back to default profiles: default
2019-04-29 10:36:26.782  INFO 959 --- [restartedMain] .e.DevToolsPropertyDefaultsPostProcessor : Devtools property defaults active! Set 'spring.devtools.add-properties' to 'false' to disable
2019-04-29 10:36:27.633  INFO 959 --- [restartedMain] o.s.b.w.embedded.tomcat.TomcatWebServer  : Tomcat initialized with port(s): 8089 (http)
2019-04-29 10:36:27.650  INFO 959 --- [restartedMain] o.apache.catalina.core.StandardService   : Starting service [Tomcat]
2019-04-29 10:36:27.650  INFO 959 --- [restartedMain] org.apache.catalina.core.StandardEngine  : Starting Servlet engine: [Apache Tomcat/9.0.17]
2019-04-29 10:36:27.699  INFO 959 --- [restartedMain] o.a.c.c.C.[Tomcat].[localhost].[/]       : Initializing Spring embedded WebApplicationContext
2019-04-29 10:36:27.699 DEBUG 959 --- [restartedMain] o.s.web.context.ContextLoader            : Published root WebApplicationContext as ServletContext attribute with name [org.springframework.web.context.WebApplicationContext.ROOT]
2019-04-29 10:36:27.699  INFO 959 --- [restartedMain] o.s.web.context.ContextLoader            : Root WebApplicationContext: initialization completed in 917 ms
2019-04-29 10:36:30.112 DEBUG 959 --- [restartedMain] o.s.b.w.s.ServletContextInitializerBeans : Mapping filters: com.example.filter.BaseFilter3 urls=[/*], characterEncodingFilter urls=[/*], hiddenHttpMethodFilter urls=[/*], formContentFilter urls=[/*], requestContextFilter urls=[/*], springFilter1 urls=[/*], springFilter2 urls=[/*]
2019-04-29 10:36:30.113 DEBUG 959 --- [restartedMain] o.s.b.w.s.ServletContextInitializerBeans : Mapping servlets: dispatcherServlet urls=[/], html urls=[/html/], html2 urls=[/html2/]
2019-04-29 10:36:30.132 DEBUG 959 --- [restartedMain] com.example.filter.FilterConfig          : Init filter config..
2019-04-29 10:36:30.174 DEBUG 959 --- [restartedMain] o.s.w.s.handler.SimpleUrlHandlerMapping  : Patterns [/**/favicon.ico] in 'faviconHandlerMapping'
2019-04-29 10:36:30.257  INFO 959 --- [restartedMain] o.s.s.concurrent.ThreadPoolTaskExecutor  : Initializing ExecutorService 'applicationTaskExecutor'
2019-04-29 10:36:30.266 DEBUG 959 --- [restartedMain] s.w.s.m.m.a.RequestMappingHandlerAdapter : ControllerAdvice beans: 0 @ModelAttribute, 0 @InitBinder, 1 RequestBodyAdvice, 1 ResponseBodyAdvice
2019-04-29 10:36:30.304 DEBUG 959 --- [restartedMain] s.w.s.m.m.a.RequestMappingHandlerMapping : 5 mappings in 'requestMappingHandlerMapping'
2019-04-29 10:36:30.312 DEBUG 959 --- [restartedMain] o.s.w.s.handler.SimpleUrlHandlerMapping  : Patterns [/webjars/**, /**] in 'resourceHandlerMapping'
2019-04-29 10:36:30.319 DEBUG 959 --- [restartedMain] .m.m.a.ExceptionHandlerExceptionResolver : ControllerAdvice beans: 0 @ExceptionHandler, 1 ResponseBodyAdvice
2019-04-29 10:36:30.377  INFO 959 --- [restartedMain] o.s.b.d.a.OptionalLiveReloadServer       : LiveReload server is running on port 35729
2019-04-29 10:36:30.417  INFO 959 --- [restartedMain] o.s.b.w.embedded.tomcat.TomcatWebServer  : Tomcat started on port(s): 8089 (http) with context path ''
2019-04-29 10:36:30.421  INFO 959 --- [restartedMain] com.example.Example                      : Started Example in 4.033 seconds (JVM running for 4.561)
2019-04-29 10:36:53.135  INFO 959 --- [http-nio-8089-exec-2] o.a.c.c.C.[Tomcat].[localhost].[/]       : Initializing Spring DispatcherServlet 'dispatcherServlet'
2019-04-29 10:36:53.136  INFO 959 --- [http-nio-8089-exec-2] o.s.web.servlet.DispatcherServlet        : Initializing Servlet 'dispatcherServlet'
2019-04-29 10:36:53.136 DEBUG 959 --- [http-nio-8089-exec-2] o.s.web.servlet.DispatcherServlet        : Detected StandardServletMultipartResolver
2019-04-29 10:36:53.141 DEBUG 959 --- [http-nio-8089-exec-2] o.s.web.servlet.DispatcherServlet        : enableLoggingRequestDetails='false': request parameters and headers will be masked to prevent unsafe logging of potentially sensitive data
2019-04-29 10:36:53.141  INFO 959 --- [http-nio-8089-exec-2] o.s.web.servlet.DispatcherServlet        : Completed initialization in 5 ms
2019-04-29 10:36:53.148  INFO 959 --- [http-nio-8089-exec-2] com.example.filter.SpringFilter1         : SpringFilter1...
2019-04-29 10:36:53.148  INFO 959 --- [http-nio-8089-exec-2] com.example.filter.SpringFilter2         : SpringFilter2...
2019-04-29 10:36:53.149  INFO 959 --- [http-nio-8089-exec-2] com.example.filter.BaseFilter3           : Base Filter3...
2019-04-29 10:36:53.151 DEBUG 959 --- [http-nio-8089-exec-2] o.s.web.servlet.DispatcherServlet        : GET "/", parameters={}
2019-04-29 10:36:53.155 DEBUG 959 --- [http-nio-8089-exec-2] s.w.s.m.m.a.RequestMappingHandlerMapping : Mapped to java.lang.String com.example.Example.home()
2019-04-29 10:36:53.176 DEBUG 959 --- [http-nio-8089-exec-2] m.m.a.RequestResponseBodyMethodProcessor : Using 'text/plain', given [*/*] and supported [text/plain, */*, text/plain, */*, application/json, application/*+json, application/json, application/*+json]
2019-04-29 10:36:53.176 DEBUG 959 --- [http-nio-8089-exec-2] m.m.a.RequestResponseBodyMethodProcessor : Writing ["Hello, World~"]
2019-04-29 10:36:53.265 DEBUG 959 --- [http-nio-8089-exec-2] o.s.web.servlet.DispatcherServlet        : Completed 200 OK
2019-04-29 10:36:56.149  INFO 959 --- [http-nio-8089-exec-3] com.example.filter.SpringFilter1         : SpringFilter1...
2019-04-29 10:36:56.149  INFO 959 --- [http-nio-8089-exec-3] com.example.filter.SpringFilter2         : SpringFilter2...
2019-04-29 10:36:56.149  INFO 959 --- [http-nio-8089-exec-3] com.example.filter.BaseFilter3           : Base Filter3...
2019-04-29 10:36:56.149 DEBUG 959 --- [http-nio-8089-exec-3] o.s.web.servlet.DispatcherServlet        : GET "/html", parameters={}
2019-04-29 10:36:56.152 DEBUG 959 --- [http-nio-8089-exec-3] o.s.w.s.handler.SimpleUrlHandlerMapping  : Mapped to ResourceHttpRequestHandler ["classpath:/META-INF/resources/", "classpath:/resources/", "classpath:/static/", "classpath:/public/", "/"]
2019-04-29 10:36:56.152 DEBUG 959 --- [http-nio-8089-exec-3] o.s.w.s.r.ResourceHttpRequestHandler     : Resource not found
2019-04-29 10:36:56.153 DEBUG 959 --- [http-nio-8089-exec-3] o.s.web.servlet.DispatcherServlet        : Completed 404 NOT_FOUND
2019-04-29 10:36:56.155 DEBUG 959 --- [http-nio-8089-exec-3] o.s.web.servlet.DispatcherServlet        : "ERROR" dispatch for GET "/error", parameters={}
2019-04-29 10:36:56.157 DEBUG 959 --- [http-nio-8089-exec-3] s.w.s.m.m.a.RequestMappingHandlerMapping : Mapped to public org.springframework.http.ResponseEntity<java.util.Map<java.lang.String, java.lang.Object>> org.springframework.boot.autoconfigure.web.servlet.error.BasicErrorController.error(javax.servlet.http.HttpServletRequest)
2019-04-29 10:36:56.168 DEBUG 959 --- [http-nio-8089-exec-3] o.s.w.s.m.m.a.HttpEntityMethodProcessor  : Using 'application/json', given [*/*] and supported [application/json, application/*+json, application/json, application/*+json]
2019-04-29 10:36:56.168 DEBUG 959 --- [http-nio-8089-exec-3] o.s.w.s.m.m.a.HttpEntityMethodProcessor  : Writing [{timestamp=Mon Apr 29 10:36:56 CST 2019, status=404, error=Not Found, message=No message available,  (truncated)...]
2019-04-29 10:36:56.193 DEBUG 959 --- [http-nio-8089-exec-3] o.s.web.servlet.DispatcherServlet        : Exiting from "ERROR" dispatch, status 404
2019-04-29 10:36:57.912  INFO 959 --- [http-nio-8089-exec-4] com.example.filter.SpringFilter1         : SpringFilter1...
2019-04-29 10:36:57.913  INFO 959 --- [http-nio-8089-exec-4] com.example.filter.SpringFilter2         : SpringFilter2...
2019-04-29 10:36:57.913  INFO 959 --- [http-nio-8089-exec-4] com.example.filter.BaseFilter3           : Base Filter3...
2019-04-29 10:36:57.913 DEBUG 959 --- [http-nio-8089-exec-4] o.s.web.servlet.DispatcherServlet        : GET "/html2", parameters={}
2019-04-29 10:36:57.914 DEBUG 959 --- [http-nio-8089-exec-4] o.s.w.s.handler.SimpleUrlHandlerMapping  : Mapped to ResourceHttpRequestHandler ["classpath:/META-INF/resources/", "classpath:/resources/", "classpath:/static/", "classpath:/public/", "/"]
2019-04-29 10:36:57.915 DEBUG 959 --- [http-nio-8089-exec-4] o.s.w.s.r.ResourceHttpRequestHandler     : Resource not found
2019-04-29 10:36:57.915 DEBUG 959 --- [http-nio-8089-exec-4] o.s.web.servlet.DispatcherServlet        : Completed 404 NOT_FOUND
2019-04-29 10:36:57.915 DEBUG 959 --- [http-nio-8089-exec-4] o.s.web.servlet.DispatcherServlet        : "ERROR" dispatch for GET "/error", parameters={}
2019-04-29 10:36:57.916 DEBUG 959 --- [http-nio-8089-exec-4] s.w.s.m.m.a.RequestMappingHandlerMapping : Mapped to public org.springframework.http.ResponseEntity<java.util.Map<java.lang.String, java.lang.Object>> org.springframework.boot.autoconfigure.web.servlet.error.BasicErrorController.error(javax.servlet.http.HttpServletRequest)
2019-04-29 10:36:57.917 DEBUG 959 --- [http-nio-8089-exec-4] o.s.w.s.m.m.a.HttpEntityMethodProcessor  : Using 'application/json', given [*/*] and supported [application/json, application/*+json, application/json, application/*+json]
2019-04-29 10:36:57.917 DEBUG 959 --- [http-nio-8089-exec-4] o.s.w.s.m.m.a.HttpEntityMethodProcessor  : Writing [{timestamp=Mon Apr 29 10:36:57 CST 2019, status=404, error=Not Found, message=No message available,  (truncated)...]
2019-04-29 10:36:57.918 DEBUG 959 --- [http-nio-8089-exec-4] o.s.web.servlet.DispatcherServlet        : Exiting from "ERROR" dispatch, status 404
2019-04-29 10:37:27.167  INFO 959 --- [http-nio-8089-exec-5] com.example.filter.SpringFilter1         : SpringFilter1...
2019-04-29 10:37:27.167  INFO 959 --- [http-nio-8089-exec-5] com.example.filter.SpringFilter2         : SpringFilter2...
2019-04-29 10:37:27.167  INFO 959 --- [http-nio-8089-exec-5] com.example.filter.BaseFilter3           : Base Filter3...
2019-04-29 10:37:30.441  INFO 959 --- [http-nio-8089-exec-6] com.example.filter.SpringFilter1         : SpringFilter1...
2019-04-29 10:37:30.441  INFO 959 --- [http-nio-8089-exec-6] com.example.filter.SpringFilter2         : SpringFilter2...
2019-04-29 10:37:30.441  INFO 959 --- [http-nio-8089-exec-6] com.example.filter.BaseFilter3           : Base Filter3...
2019-04-29 10:38:23.980  INFO 959 --- [Thread-11] o.s.s.concurrent.ThreadPoolTaskExecutor  : Shutting down ExecutorService 'applicationTaskExecutor'
2019-04-29 10:38:28.374  INFO 1216 --- [restartedMain] com.example.Example                      : Starting Example on gx with PID 1216 (/home/guanxine/work/git/learn-spring-boot/1-create-pom/target/classes started by guanxine in /home/guanxine/work/git/learn-spring-boot/1-create-pom)
2019-04-29 10:38:28.379 DEBUG 1216 --- [restartedMain] com.example.Example                      : Running with Spring Boot v2.1.4.RELEASE, Spring v5.1.6.RELEASE
2019-04-29 10:38:28.380  INFO 1216 --- [restartedMain] com.example.Example                      : No active profile set, falling back to default profiles: default
2019-04-29 10:38:28.434  INFO 1216 --- [restartedMain] .e.DevToolsPropertyDefaultsPostProcessor : Devtools property defaults active! Set 'spring.devtools.add-properties' to 'false' to disable
2019-04-29 10:38:29.379  INFO 1216 --- [restartedMain] o.s.b.w.embedded.tomcat.TomcatWebServer  : Tomcat initialized with port(s): 8089 (http)
2019-04-29 10:38:29.401  INFO 1216 --- [restartedMain] o.apache.catalina.core.StandardService   : Starting service [Tomcat]
2019-04-29 10:38:29.401  INFO 1216 --- [restartedMain] org.apache.catalina.core.StandardEngine  : Starting Servlet engine: [Apache Tomcat/9.0.17]
2019-04-29 10:38:29.470  INFO 1216 --- [restartedMain] o.a.c.c.C.[Tomcat].[localhost].[/]       : Initializing Spring embedded WebApplicationContext
2019-04-29 10:38:29.470 DEBUG 1216 --- [restartedMain] o.s.web.context.ContextLoader            : Published root WebApplicationContext as ServletContext attribute with name [org.springframework.web.context.WebApplicationContext.ROOT]
2019-04-29 10:38:29.470  INFO 1216 --- [restartedMain] o.s.web.context.ContextLoader            : Root WebApplicationContext: initialization completed in 1035 ms
2019-04-29 10:38:29.491 DEBUG 1216 --- [restartedMain] com.example.servlet.HtmlServlet          : init html servlet..
2019-04-29 10:38:29.492 DEBUG 1216 --- [restartedMain] com.example.servlet.HtmlServlet2         : init html2 servlet..
2019-04-29 10:38:29.510 DEBUG 1216 --- [restartedMain] o.s.b.w.s.ServletContextInitializerBeans : Mapping filters: com.example.filter.BaseFilter3 urls=[/*], characterEncodingFilter urls=[/*], hiddenHttpMethodFilter urls=[/*], formContentFilter urls=[/*], requestContextFilter urls=[/*], springFilter1 urls=[/*], springFilter2 urls=[/*]
2019-04-29 10:38:29.510 DEBUG 1216 --- [restartedMain] o.s.b.w.s.ServletContextInitializerBeans : Mapping servlets: dispatcherServlet urls=[/], html urls=[/html/], html2 urls=[/html2/]
2019-04-29 10:38:29.530 DEBUG 1216 --- [restartedMain] com.example.filter.FilterConfig          : Init filter config..
2019-04-29 10:38:29.571 DEBUG 1216 --- [restartedMain] o.s.w.s.handler.SimpleUrlHandlerMapping  : Patterns [/**/favicon.ico] in 'faviconHandlerMapping'
2019-04-29 10:38:29.656  INFO 1216 --- [restartedMain] o.s.s.concurrent.ThreadPoolTaskExecutor  : Initializing ExecutorService 'applicationTaskExecutor'
2019-04-29 10:38:29.665 DEBUG 1216 --- [restartedMain] s.w.s.m.m.a.RequestMappingHandlerAdapter : ControllerAdvice beans: 0 @ModelAttribute, 0 @InitBinder, 1 RequestBodyAdvice, 1 ResponseBodyAdvice
2019-04-29 10:38:29.700 DEBUG 1216 --- [restartedMain] s.w.s.m.m.a.RequestMappingHandlerMapping : 5 mappings in 'requestMappingHandlerMapping'
2019-04-29 10:38:29.707 DEBUG 1216 --- [restartedMain] o.s.w.s.handler.SimpleUrlHandlerMapping  : Patterns [/webjars/**, /**] in 'resourceHandlerMapping'
2019-04-29 10:38:29.715 DEBUG 1216 --- [restartedMain] .m.m.a.ExceptionHandlerExceptionResolver : ControllerAdvice beans: 0 @ExceptionHandler, 1 ResponseBodyAdvice
2019-04-29 10:38:29.780  INFO 1216 --- [restartedMain] o.s.b.d.a.OptionalLiveReloadServer       : LiveReload server is running on port 35729
2019-04-29 10:38:29.818  INFO 1216 --- [restartedMain] o.s.b.w.embedded.tomcat.TomcatWebServer  : Tomcat started on port(s): 8089 (http) with context path ''
2019-04-29 10:38:29.820  INFO 1216 --- [restartedMain] com.example.Example                      : Started Example in 1.755 seconds (JVM running for 2.274)
2019-04-29 10:38:51.873 DEBUG 1216 --- [http-nio-8089-exec-2] com.example.servlet.HtmlServlet          : init...
2019-04-29 10:38:51.880  INFO 1216 --- [http-nio-8089-exec-2] com.example.filter.SpringFilter1         : SpringFilter1...
2019-04-29 10:38:51.881  INFO 1216 --- [http-nio-8089-exec-2] com.example.filter.SpringFilter2         : SpringFilter2...
2019-04-29 10:38:51.881  INFO 1216 --- [http-nio-8089-exec-2] com.example.filter.BaseFilter3           : Base Filter3...
2019-04-29 10:38:51.881 DEBUG 1216 --- [http-nio-8089-exec-2] com.example.servlet.HtmlServlet          : do get...
2019-04-29 10:38:55.572  INFO 1216 --- [http-nio-8089-exec-3] com.example.filter.SpringFilter1         : SpringFilter1...
2019-04-29 10:38:55.572  INFO 1216 --- [http-nio-8089-exec-3] com.example.filter.SpringFilter2         : SpringFilter2...
2019-04-29 10:38:55.573  INFO 1216 --- [http-nio-8089-exec-3] com.example.filter.BaseFilter3           : Base Filter3...
2019-04-29 10:38:55.573 DEBUG 1216 --- [http-nio-8089-exec-3] com.example.servlet.HtmlServlet          : do get...
2019-04-29 10:38:56.401  INFO 1216 --- [http-nio-8089-exec-4] com.example.filter.SpringFilter1         : SpringFilter1...
2019-04-29 10:38:56.401  INFO 1216 --- [http-nio-8089-exec-4] com.example.filter.SpringFilter2         : SpringFilter2...
2019-04-29 10:38:56.401  INFO 1216 --- [http-nio-8089-exec-4] com.example.filter.BaseFilter3           : Base Filter3...
2019-04-29 10:38:56.402 DEBUG 1216 --- [http-nio-8089-exec-4] com.example.servlet.HtmlServlet          : do get...
2019-04-29 10:38:56.751  INFO 1216 --- [http-nio-8089-exec-5] com.example.filter.SpringFilter1         : SpringFilter1...
2019-04-29 10:38:56.751  INFO 1216 --- [http-nio-8089-exec-5] com.example.filter.SpringFilter2         : SpringFilter2...
2019-04-29 10:38:56.751  INFO 1216 --- [http-nio-8089-exec-5] com.example.filter.BaseFilter3           : Base Filter3...
2019-04-29 10:38:56.751 DEBUG 1216 --- [http-nio-8089-exec-5] com.example.servlet.HtmlServlet          : do get...
2019-04-29 10:38:56.988  INFO 1216 --- [http-nio-8089-exec-6] com.example.filter.SpringFilter1         : SpringFilter1...
2019-04-29 10:38:56.988  INFO 1216 --- [http-nio-8089-exec-6] com.example.filter.SpringFilter2         : SpringFilter2...
2019-04-29 10:38:56.988  INFO 1216 --- [http-nio-8089-exec-6] com.example.filter.BaseFilter3           : Base Filter3...
2019-04-29 10:38:56.988 DEBUG 1216 --- [http-nio-8089-exec-6] com.example.servlet.HtmlServlet          : do get...
2019-04-29 10:38:57.191  INFO 1216 --- [http-nio-8089-exec-7] com.example.filter.SpringFilter1         : SpringFilter1...
2019-04-29 10:38:57.191  INFO 1216 --- [http-nio-8089-exec-7] com.example.filter.SpringFilter2         : SpringFilter2...
2019-04-29 10:38:57.192  INFO 1216 --- [http-nio-8089-exec-7] com.example.filter.BaseFilter3           : Base Filter3...
2019-04-29 10:38:57.192 DEBUG 1216 --- [http-nio-8089-exec-7] com.example.servlet.HtmlServlet          : do get...
2019-04-29 10:38:57.399  INFO 1216 --- [http-nio-8089-exec-8] com.example.filter.SpringFilter1         : SpringFilter1...
2019-04-29 10:38:57.399  INFO 1216 --- [http-nio-8089-exec-8] com.example.filter.SpringFilter2         : SpringFilter2...
2019-04-29 10:38:57.399  INFO 1216 --- [http-nio-8089-exec-8] com.example.filter.BaseFilter3           : Base Filter3...
2019-04-29 10:38:57.399 DEBUG 1216 --- [http-nio-8089-exec-8] com.example.servlet.HtmlServlet          : do get...
2019-04-29 10:38:57.611  INFO 1216 --- [http-nio-8089-exec-9] com.example.filter.SpringFilter1         : SpringFilter1...
2019-04-29 10:38:57.612  INFO 1216 --- [http-nio-8089-exec-9] com.example.filter.SpringFilter2         : SpringFilter2...
2019-04-29 10:38:57.612  INFO 1216 --- [http-nio-8089-exec-9] com.example.filter.BaseFilter3           : Base Filter3...
2019-04-29 10:38:57.612 DEBUG 1216 --- [http-nio-8089-exec-9] com.example.servlet.HtmlServlet          : do get...
2019-04-29 10:38:57.825  INFO 1216 --- [http-nio-8089-exec-10] com.example.filter.SpringFilter1         : SpringFilter1...
2019-04-29 10:38:57.826  INFO 1216 --- [http-nio-8089-exec-10] com.example.filter.SpringFilter2         : SpringFilter2...
2019-04-29 10:38:57.826  INFO 1216 --- [http-nio-8089-exec-10] com.example.filter.BaseFilter3           : Base Filter3...
2019-04-29 10:38:57.826 DEBUG 1216 --- [http-nio-8089-exec-10] com.example.servlet.HtmlServlet          : do get...
2019-04-29 10:38:58.080  INFO 1216 --- [http-nio-8089-exec-1] com.example.filter.SpringFilter1         : SpringFilter1...
2019-04-29 10:38:58.080  INFO 1216 --- [http-nio-8089-exec-1] com.example.filter.SpringFilter2         : SpringFilter2...
2019-04-29 10:38:58.080  INFO 1216 --- [http-nio-8089-exec-1] com.example.filter.BaseFilter3           : Base Filter3...
2019-04-29 10:38:58.080 DEBUG 1216 --- [http-nio-8089-exec-1] com.example.servlet.HtmlServlet          : do get...
2019-04-29 10:38:58.302  INFO 1216 --- [http-nio-8089-exec-2] com.example.filter.SpringFilter1         : SpringFilter1...
2019-04-29 10:38:58.303  INFO 1216 --- [http-nio-8089-exec-2] com.example.filter.SpringFilter2         : SpringFilter2...
2019-04-29 10:38:58.303  INFO 1216 --- [http-nio-8089-exec-2] com.example.filter.BaseFilter3           : Base Filter3...
2019-04-29 10:38:58.303 DEBUG 1216 --- [http-nio-8089-exec-2] com.example.servlet.HtmlServlet          : do get...
2019-04-29 10:39:04.317  INFO 1216 --- [http-nio-8089-exec-3] o.a.c.c.C.[Tomcat].[localhost].[/]       : Initializing Spring DispatcherServlet 'dispatcherServlet'
2019-04-29 10:39:04.317  INFO 1216 --- [http-nio-8089-exec-3] o.s.web.servlet.DispatcherServlet        : Initializing Servlet 'dispatcherServlet'
2019-04-29 10:39:04.318 DEBUG 1216 --- [http-nio-8089-exec-3] o.s.web.servlet.DispatcherServlet        : Detected StandardServletMultipartResolver
2019-04-29 10:39:04.322 DEBUG 1216 --- [http-nio-8089-exec-3] o.s.web.servlet.DispatcherServlet        : enableLoggingRequestDetails='false': request parameters and headers will be masked to prevent unsafe logging of potentially sensitive data
2019-04-29 10:39:04.322  INFO 1216 --- [http-nio-8089-exec-3] o.s.web.servlet.DispatcherServlet        : Completed initialization in 5 ms
2019-04-29 10:39:04.322  INFO 1216 --- [http-nio-8089-exec-3] com.example.filter.SpringFilter1         : SpringFilter1...
2019-04-29 10:39:04.322  INFO 1216 --- [http-nio-8089-exec-3] com.example.filter.SpringFilter2         : SpringFilter2...
2019-04-29 10:39:04.322  INFO 1216 --- [http-nio-8089-exec-3] com.example.filter.BaseFilter3           : Base Filter3...
2019-04-29 10:39:04.324 DEBUG 1216 --- [http-nio-8089-exec-3] o.s.web.servlet.DispatcherServlet        : GET "/html2", parameters={}
2019-04-29 10:39:04.329 DEBUG 1216 --- [http-nio-8089-exec-3] o.s.w.s.handler.SimpleUrlHandlerMapping  : Mapped to ResourceHttpRequestHandler ["classpath:/META-INF/resources/", "classpath:/resources/", "classpath:/static/", "classpath:/public/", "/"]
2019-04-29 10:39:04.331 DEBUG 1216 --- [http-nio-8089-exec-3] o.s.w.s.r.ResourceHttpRequestHandler     : Resource not found
2019-04-29 10:39:04.331 DEBUG 1216 --- [http-nio-8089-exec-3] o.s.web.servlet.DispatcherServlet        : Completed 404 NOT_FOUND
2019-04-29 10:39:04.336 DEBUG 1216 --- [http-nio-8089-exec-3] o.s.web.servlet.DispatcherServlet        : "ERROR" dispatch for GET "/error", parameters={}
2019-04-29 10:39:04.338 DEBUG 1216 --- [http-nio-8089-exec-3] s.w.s.m.m.a.RequestMappingHandlerMapping : Mapped to public org.springframework.http.ResponseEntity<java.util.Map<java.lang.String, java.lang.Object>> org.springframework.boot.autoconfigure.web.servlet.error.BasicErrorController.error(javax.servlet.http.HttpServletRequest)
2019-04-29 10:39:04.427 DEBUG 1216 --- [http-nio-8089-exec-3] o.s.w.s.m.m.a.HttpEntityMethodProcessor  : Using 'application/json', given [*/*] and supported [application/json, application/*+json, application/json, application/*+json]
2019-04-29 10:39:04.428 DEBUG 1216 --- [http-nio-8089-exec-3] o.s.w.s.m.m.a.HttpEntityMethodProcessor  : Writing [{timestamp=Mon Apr 29 10:39:04 CST 2019, status=404, error=Not Found, message=No message available,  (truncated)...]
2019-04-29 10:39:04.454 DEBUG 1216 --- [http-nio-8089-exec-3] o.s.web.servlet.DispatcherServlet        : Exiting from "ERROR" dispatch, status 404
2019-04-29 10:39:08.389 DEBUG 1216 --- [http-nio-8089-exec-4] com.example.servlet.HtmlServlet2         : init html2...
2019-04-29 10:39:08.390  INFO 1216 --- [http-nio-8089-exec-4] com.example.filter.SpringFilter1         : SpringFilter1...
2019-04-29 10:39:08.390  INFO 1216 --- [http-nio-8089-exec-4] com.example.filter.SpringFilter2         : SpringFilter2...
2019-04-29 10:39:08.390  INFO 1216 --- [http-nio-8089-exec-4] com.example.filter.BaseFilter3           : Base Filter3...
2019-04-29 10:39:08.390 DEBUG 1216 --- [http-nio-8089-exec-4] com.example.servlet.HtmlServlet2         : do get 2...
2019-04-29 10:39:25.124  INFO 1216 --- [Thread-11] o.s.s.concurrent.ThreadPoolTaskExecutor  : Shutting down ExecutorService 'applicationTaskExecutor'
2019-04-29 10:39:25.133 DEBUG 1216 --- [Thread-11] com.example.servlet.HtmlServlet2         : destroy html2...
2019-04-29 10:39:25.133 DEBUG 1216 --- [Thread-11] com.example.servlet.HtmlServlet          : destroy...
2019-04-29 10:39:28.896  INFO 1442 --- [restartedMain] com.example.Example                      : Starting Example on gx with PID 1442 (/home/guanxine/work/git/learn-spring-boot/1-create-pom/target/classes started by guanxine in /home/guanxine/work/git/learn-spring-boot/1-create-pom)
2019-04-29 10:39:28.902 DEBUG 1442 --- [restartedMain] com.example.Example                      : Running with Spring Boot v2.1.4.RELEASE, Spring v5.1.6.RELEASE
2019-04-29 10:39:28.904  INFO 1442 --- [restartedMain] com.example.Example                      : No active profile set, falling back to default profiles: default
2019-04-29 10:39:28.952  INFO 1442 --- [restartedMain] .e.DevToolsPropertyDefaultsPostProcessor : Devtools property defaults active! Set 'spring.devtools.add-properties' to 'false' to disable
2019-04-29 10:39:29.801  INFO 1442 --- [restartedMain] o.s.b.w.embedded.tomcat.TomcatWebServer  : Tomcat initialized with port(s): 8089 (http)
2019-04-29 10:39:29.818  INFO 1442 --- [restartedMain] o.apache.catalina.core.StandardService   : Starting service [Tomcat]
2019-04-29 10:39:29.818  INFO 1442 --- [restartedMain] org.apache.catalina.core.StandardEngine  : Starting Servlet engine: [Apache Tomcat/9.0.17]
2019-04-29 10:39:29.867  INFO 1442 --- [restartedMain] o.a.c.c.C.[Tomcat].[localhost].[/]       : Initializing Spring embedded WebApplicationContext
2019-04-29 10:39:29.867 DEBUG 1442 --- [restartedMain] o.s.web.context.ContextLoader            : Published root WebApplicationContext as ServletContext attribute with name [org.springframework.web.context.WebApplicationContext.ROOT]
2019-04-29 10:39:29.867  INFO 1442 --- [restartedMain] o.s.web.context.ContextLoader            : Root WebApplicationContext: initialization completed in 915 ms
2019-04-29 10:39:29.886 DEBUG 1442 --- [restartedMain] com.example.servlet.HtmlServlet          : init html servlet..
2019-04-29 10:39:29.887 DEBUG 1442 --- [restartedMain] com.example.servlet.HtmlServlet2         : init html2 servlet..
2019-04-29 10:39:29.901 DEBUG 1442 --- [restartedMain] o.s.b.w.s.ServletContextInitializerBeans : Mapping filters: com.example.filter.BaseFilter3 urls=[/*], characterEncodingFilter urls=[/*], hiddenHttpMethodFilter urls=[/*], formContentFilter urls=[/*], requestContextFilter urls=[/*], springFilter1 urls=[/*], springFilter2 urls=[/*]
2019-04-29 10:39:29.901 DEBUG 1442 --- [restartedMain] o.s.b.w.s.ServletContextInitializerBeans : Mapping servlets: dispatcherServlet urls=[/], html urls=[/html/], html2 urls=[/html2/]
2019-04-29 10:39:29.920 DEBUG 1442 --- [restartedMain] com.example.filter.FilterConfig          : Init filter config..
2019-04-29 10:39:29.955 DEBUG 1442 --- [restartedMain] o.s.w.s.handler.SimpleUrlHandlerMapping  : Patterns [/**/favicon.ico] in 'faviconHandlerMapping'
2019-04-29 10:39:30.037  INFO 1442 --- [restartedMain] o.s.s.concurrent.ThreadPoolTaskExecutor  : Initializing ExecutorService 'applicationTaskExecutor'
2019-04-29 10:39:30.044 DEBUG 1442 --- [restartedMain] s.w.s.m.m.a.RequestMappingHandlerAdapter : ControllerAdvice beans: 0 @ModelAttribute, 0 @InitBinder, 1 RequestBodyAdvice, 1 ResponseBodyAdvice
2019-04-29 10:39:30.081 DEBUG 1442 --- [restartedMain] s.w.s.m.m.a.RequestMappingHandlerMapping : 5 mappings in 'requestMappingHandlerMapping'
2019-04-29 10:39:30.088 DEBUG 1442 --- [restartedMain] o.s.w.s.handler.SimpleUrlHandlerMapping  : Patterns [/webjars/**, /**] in 'resourceHandlerMapping'
2019-04-29 10:39:30.095 DEBUG 1442 --- [restartedMain] .m.m.a.ExceptionHandlerExceptionResolver : ControllerAdvice beans: 0 @ExceptionHandler, 1 ResponseBodyAdvice
2019-04-29 10:39:30.155  INFO 1442 --- [restartedMain] o.s.b.d.a.OptionalLiveReloadServer       : LiveReload server is running on port 35729
2019-04-29 10:39:30.189  INFO 1442 --- [restartedMain] o.s.b.w.embedded.tomcat.TomcatWebServer  : Tomcat started on port(s): 8089 (http) with context path ''
2019-04-29 10:39:30.192  INFO 1442 --- [restartedMain] com.example.Example                      : Started Example in 1.625 seconds (JVM running for 2.112)
2019-04-29 10:39:31.485  INFO 1442 --- [Thread-11] o.s.s.concurrent.ThreadPoolTaskExecutor  : Shutting down ExecutorService 'applicationTaskExecutor'
2019-04-29 10:39:45.066  INFO 1598 --- [restartedMain] com.example.Example                      : Starting Example on gx with PID 1598 (/home/guanxine/work/git/learn-spring-boot/1-create-pom/target/classes started by guanxine in /home/guanxine/work/git/learn-spring-boot/1-create-pom)
2019-04-29 10:39:45.070 DEBUG 1598 --- [restartedMain] com.example.Example                      : Running with Spring Boot v2.1.4.RELEASE, Spring v5.1.6.RELEASE
2019-04-29 10:39:45.071  INFO 1598 --- [restartedMain] com.example.Example                      : No active profile set, falling back to default profiles: default
2019-04-29 10:39:45.123  INFO 1598 --- [restartedMain] .e.DevToolsPropertyDefaultsPostProcessor : Devtools property defaults active! Set 'spring.devtools.add-properties' to 'false' to disable
2019-04-29 10:39:46.009  INFO 1598 --- [restartedMain] o.s.b.w.embedded.tomcat.TomcatWebServer  : Tomcat initialized with port(s): 8089 (http)
2019-04-29 10:39:46.027  INFO 1598 --- [restartedMain] o.apache.catalina.core.StandardService   : Starting service [Tomcat]
2019-04-29 10:39:46.028  INFO 1598 --- [restartedMain] org.apache.catalina.core.StandardEngine  : Starting Servlet engine: [Apache Tomcat/9.0.17]
2019-04-29 10:39:46.074  INFO 1598 --- [restartedMain] o.a.c.c.C.[Tomcat].[localhost].[/]       : Initializing Spring embedded WebApplicationContext
2019-04-29 10:39:46.075 DEBUG 1598 --- [restartedMain] o.s.web.context.ContextLoader            : Published root WebApplicationContext as ServletContext attribute with name [org.springframework.web.context.WebApplicationContext.ROOT]
2019-04-29 10:39:46.075  INFO 1598 --- [restartedMain] o.s.web.context.ContextLoader            : Root WebApplicationContext: initialization completed in 951 ms
2019-04-29 10:39:46.094 DEBUG 1598 --- [restartedMain] com.example.servlet.HtmlServlet          : init html servlet..
2019-04-29 10:39:46.114 DEBUG 1598 --- [restartedMain] o.s.b.w.s.ServletContextInitializerBeans : Mapping filters: com.example.filter.BaseFilter3 urls=[/*], characterEncodingFilter urls=[/*], hiddenHttpMethodFilter urls=[/*], formContentFilter urls=[/*], requestContextFilter urls=[/*], springFilter1 urls=[/*], springFilter2 urls=[/*]
2019-04-29 10:39:46.114 DEBUG 1598 --- [restartedMain] o.s.b.w.s.ServletContextInitializerBeans : Mapping servlets: dispatcherServlet urls=[/], html urls=[/]
2019-04-29 10:39:46.133 DEBUG 1598 --- [restartedMain] com.example.filter.FilterConfig          : Init filter config..
2019-04-29 10:39:46.171 DEBUG 1598 --- [restartedMain] o.s.w.s.handler.SimpleUrlHandlerMapping  : Patterns [/**/favicon.ico] in 'faviconHandlerMapping'
2019-04-29 10:39:46.267  INFO 1598 --- [restartedMain] o.s.s.concurrent.ThreadPoolTaskExecutor  : Initializing ExecutorService 'applicationTaskExecutor'
2019-04-29 10:39:46.275 DEBUG 1598 --- [restartedMain] s.w.s.m.m.a.RequestMappingHandlerAdapter : ControllerAdvice beans: 0 @ModelAttribute, 0 @InitBinder, 1 RequestBodyAdvice, 1 ResponseBodyAdvice
2019-04-29 10:39:46.315 DEBUG 1598 --- [restartedMain] s.w.s.m.m.a.RequestMappingHandlerMapping : 5 mappings in 'requestMappingHandlerMapping'
2019-04-29 10:39:46.326 DEBUG 1598 --- [restartedMain] o.s.w.s.handler.SimpleUrlHandlerMapping  : Patterns [/webjars/**, /**] in 'resourceHandlerMapping'
2019-04-29 10:39:46.335 DEBUG 1598 --- [restartedMain] .m.m.a.ExceptionHandlerExceptionResolver : ControllerAdvice beans: 0 @ExceptionHandler, 1 ResponseBodyAdvice
2019-04-29 10:39:46.422  INFO 1598 --- [restartedMain] o.s.b.d.a.OptionalLiveReloadServer       : LiveReload server is running on port 35729
2019-04-29 10:39:46.460  INFO 1598 --- [restartedMain] o.s.b.w.embedded.tomcat.TomcatWebServer  : Tomcat started on port(s): 8089 (http) with context path ''
2019-04-29 10:39:46.464  INFO 1598 --- [restartedMain] com.example.Example                      : Started Example in 1.735 seconds (JVM running for 2.273)
2019-04-29 10:40:10.795  INFO 1598 --- [http-nio-8089-exec-2] o.a.c.c.C.[Tomcat].[localhost].[/]       : Initializing Spring DispatcherServlet 'dispatcherServlet'
2019-04-29 10:40:10.796  INFO 1598 --- [http-nio-8089-exec-2] o.s.web.servlet.DispatcherServlet        : Initializing Servlet 'dispatcherServlet'
2019-04-29 10:40:10.796 DEBUG 1598 --- [http-nio-8089-exec-2] o.s.web.servlet.DispatcherServlet        : Detected StandardServletMultipartResolver
2019-04-29 10:40:10.802 DEBUG 1598 --- [http-nio-8089-exec-2] o.s.web.servlet.DispatcherServlet        : enableLoggingRequestDetails='false': request parameters and headers will be masked to prevent unsafe logging of potentially sensitive data
2019-04-29 10:40:10.803  INFO 1598 --- [http-nio-8089-exec-2] o.s.web.servlet.DispatcherServlet        : Completed initialization in 7 ms
2019-04-29 10:40:10.808  INFO 1598 --- [http-nio-8089-exec-2] com.example.filter.SpringFilter1         : SpringFilter1...
2019-04-29 10:40:10.808  INFO 1598 --- [http-nio-8089-exec-2] com.example.filter.SpringFilter2         : SpringFilter2...
2019-04-29 10:40:10.808  INFO 1598 --- [http-nio-8089-exec-2] com.example.filter.BaseFilter3           : Base Filter3...
2019-04-29 10:40:10.810 DEBUG 1598 --- [http-nio-8089-exec-2] o.s.web.servlet.DispatcherServlet        : GET "/", parameters={}
2019-04-29 10:40:10.813 DEBUG 1598 --- [http-nio-8089-exec-2] s.w.s.m.m.a.RequestMappingHandlerMapping : Mapped to java.lang.String com.example.Example.home()
2019-04-29 10:40:10.832 DEBUG 1598 --- [http-nio-8089-exec-2] m.m.a.RequestResponseBodyMethodProcessor : Using 'text/plain', given [*/*] and supported [text/plain, */*, text/plain, */*, application/json, application/*+json, application/json, application/*+json]
2019-04-29 10:40:10.832 DEBUG 1598 --- [http-nio-8089-exec-2] m.m.a.RequestResponseBodyMethodProcessor : Writing ["Hello, World~"]
2019-04-29 10:40:10.949 DEBUG 1598 --- [http-nio-8089-exec-2] o.s.web.servlet.DispatcherServlet        : Completed 200 OK
2019-04-29 10:40:12.637  INFO 1598 --- [http-nio-8089-exec-3] com.example.filter.SpringFilter1         : SpringFilter1...
2019-04-29 10:40:12.638  INFO 1598 --- [http-nio-8089-exec-3] com.example.filter.SpringFilter2         : SpringFilter2...
2019-04-29 10:40:12.638  INFO 1598 --- [http-nio-8089-exec-3] com.example.filter.BaseFilter3           : Base Filter3...
2019-04-29 10:40:12.638 DEBUG 1598 --- [http-nio-8089-exec-3] o.s.web.servlet.DispatcherServlet        : GET "/", parameters={}
2019-04-29 10:40:12.638 DEBUG 1598 --- [http-nio-8089-exec-3] s.w.s.m.m.a.RequestMappingHandlerMapping : Mapped to java.lang.String com.example.Example.home()
2019-04-29 10:40:12.640 DEBUG 1598 --- [http-nio-8089-exec-3] m.m.a.RequestResponseBodyMethodProcessor : Using 'text/plain', given [*/*] and supported [text/plain, */*, text/plain, */*, application/json, application/*+json, application/json, application/*+json]
2019-04-29 10:40:12.640 DEBUG 1598 --- [http-nio-8089-exec-3] m.m.a.RequestResponseBodyMethodProcessor : Writing ["Hello, World~"]
2019-04-29 10:40:12.641 DEBUG 1598 --- [http-nio-8089-exec-3] o.s.web.servlet.DispatcherServlet        : Completed 200 OK
2019-04-29 10:40:13.564  INFO 1598 --- [http-nio-8089-exec-4] com.example.filter.SpringFilter1         : SpringFilter1...
2019-04-29 10:40:13.564  INFO 1598 --- [http-nio-8089-exec-4] com.example.filter.SpringFilter2         : SpringFilter2...
2019-04-29 10:40:13.564  INFO 1598 --- [http-nio-8089-exec-4] com.example.filter.BaseFilter3           : Base Filter3...
2019-04-29 10:40:13.565 DEBUG 1598 --- [http-nio-8089-exec-4] o.s.web.servlet.DispatcherServlet        : GET "/", parameters={}
2019-04-29 10:40:13.565 DEBUG 1598 --- [http-nio-8089-exec-4] s.w.s.m.m.a.RequestMappingHandlerMapping : Mapped to java.lang.String com.example.Example.home()
2019-04-29 10:40:13.565 DEBUG 1598 --- [http-nio-8089-exec-4] m.m.a.RequestResponseBodyMethodProcessor : Using 'text/plain', given [*/*] and supported [text/plain, */*, text/plain, */*, application/json, application/*+json, application/json, application/*+json]
2019-04-29 10:40:13.565 DEBUG 1598 --- [http-nio-8089-exec-4] m.m.a.RequestResponseBodyMethodProcessor : Writing ["Hello, World~"]
2019-04-29 10:40:13.566 DEBUG 1598 --- [http-nio-8089-exec-4] o.s.web.servlet.DispatcherServlet        : Completed 200 OK
2019-04-29 10:40:20.283  INFO 1598 --- [Thread-11] o.s.s.concurrent.ThreadPoolTaskExecutor  : Shutting down ExecutorService 'applicationTaskExecutor'
2019-04-29 10:42:38.640  INFO 2138 --- [restartedMain] com.example.Example                      : Starting Example on gx with PID 2138 (/home/guanxine/work/git/learn-spring-boot/1-create-pom/target/classes started by guanxine in /home/guanxine/work/git/learn-spring-boot/1-create-pom)
2019-04-29 10:42:38.646 DEBUG 2138 --- [restartedMain] com.example.Example                      : Running with Spring Boot v2.1.4.RELEASE, Spring v5.1.6.RELEASE
2019-04-29 10:42:38.647  INFO 2138 --- [restartedMain] com.example.Example                      : No active profile set, falling back to default profiles: default
2019-04-29 10:42:38.698  INFO 2138 --- [restartedMain] .e.DevToolsPropertyDefaultsPostProcessor : Devtools property defaults active! Set 'spring.devtools.add-properties' to 'false' to disable
2019-04-29 10:42:39.526  INFO 2138 --- [restartedMain] o.s.b.w.embedded.tomcat.TomcatWebServer  : Tomcat initialized with port(s): 8089 (http)
2019-04-29 10:42:39.545  INFO 2138 --- [restartedMain] o.apache.catalina.core.StandardService   : Starting service [Tomcat]
2019-04-29 10:42:39.545  INFO 2138 --- [restartedMain] org.apache.catalina.core.StandardEngine  : Starting Servlet engine: [Apache Tomcat/9.0.17]
2019-04-29 10:42:39.595  INFO 2138 --- [restartedMain] o.a.c.c.C.[Tomcat].[localhost].[/]       : Initializing Spring embedded WebApplicationContext
2019-04-29 10:42:39.596 DEBUG 2138 --- [restartedMain] o.s.web.context.ContextLoader            : Published root WebApplicationContext as ServletContext attribute with name [org.springframework.web.context.WebApplicationContext.ROOT]
2019-04-29 10:42:39.596  INFO 2138 --- [restartedMain] o.s.web.context.ContextLoader            : Root WebApplicationContext: initialization completed in 898 ms
2019-04-29 10:42:39.598 DEBUG 2138 --- [restartedMain] com.example.servlet.HtmlServlet          : init html servlet..
2019-04-29 10:42:39.627 DEBUG 2138 --- [restartedMain] o.s.b.w.s.ServletContextInitializerBeans : Mapping filters: com.example.filter.BaseFilter3 urls=[/*], characterEncodingFilter urls=[/*], hiddenHttpMethodFilter urls=[/*], formContentFilter urls=[/*], requestContextFilter urls=[/*], springFilter1 urls=[/*], springFilter2 urls=[/*]
2019-04-29 10:42:39.628 DEBUG 2138 --- [restartedMain] o.s.b.w.s.ServletContextInitializerBeans : Mapping servlets: htmlServlet urls=[/html], dispatcherServlet urls=[/]
2019-04-29 10:42:39.648 DEBUG 2138 --- [restartedMain] com.example.filter.FilterConfig          : Init filter config..
2019-04-29 10:42:39.687 DEBUG 2138 --- [restartedMain] o.s.w.s.handler.SimpleUrlHandlerMapping  : Patterns [/**/favicon.ico] in 'faviconHandlerMapping'
2019-04-29 10:42:39.773  INFO 2138 --- [restartedMain] o.s.s.concurrent.ThreadPoolTaskExecutor  : Initializing ExecutorService 'applicationTaskExecutor'
2019-04-29 10:42:39.783 DEBUG 2138 --- [restartedMain] s.w.s.m.m.a.RequestMappingHandlerAdapter : ControllerAdvice beans: 0 @ModelAttribute, 0 @InitBinder, 1 RequestBodyAdvice, 1 ResponseBodyAdvice
2019-04-29 10:42:39.822 DEBUG 2138 --- [restartedMain] s.w.s.m.m.a.RequestMappingHandlerMapping : 5 mappings in 'requestMappingHandlerMapping'
2019-04-29 10:42:39.830 DEBUG 2138 --- [restartedMain] o.s.w.s.handler.SimpleUrlHandlerMapping  : Patterns [/webjars/**, /**] in 'resourceHandlerMapping'
2019-04-29 10:42:39.838 DEBUG 2138 --- [restartedMain] .m.m.a.ExceptionHandlerExceptionResolver : ControllerAdvice beans: 0 @ExceptionHandler, 1 ResponseBodyAdvice
2019-04-29 10:42:39.900  INFO 2138 --- [restartedMain] o.s.b.d.a.OptionalLiveReloadServer       : LiveReload server is running on port 35729
2019-04-29 10:42:39.931  INFO 2138 --- [restartedMain] o.s.b.w.embedded.tomcat.TomcatWebServer  : Tomcat started on port(s): 8089 (http) with context path ''
2019-04-29 10:42:39.934  INFO 2138 --- [restartedMain] com.example.Example                      : Started Example in 1.62 seconds (JVM running for 2.114)
2019-04-29 10:46:40.602 DEBUG 2138 --- [http-nio-8089-exec-2] com.example.servlet.HtmlServlet          : init...
2019-04-29 10:46:40.607  INFO 2138 --- [http-nio-8089-exec-2] com.example.filter.SpringFilter1         : SpringFilter1...
2019-04-29 10:46:40.608  INFO 2138 --- [http-nio-8089-exec-2] com.example.filter.SpringFilter2         : SpringFilter2...
2019-04-29 10:46:40.608  INFO 2138 --- [http-nio-8089-exec-2] com.example.filter.BaseFilter3           : Base Filter3...
2019-04-29 10:46:40.608 DEBUG 2138 --- [http-nio-8089-exec-2] com.example.servlet.HtmlServlet          : do get...
2019-04-29 10:49:23.101  INFO 2138 --- [Thread-11] o.s.s.concurrent.ThreadPoolTaskExecutor  : Shutting down ExecutorService 'applicationTaskExecutor'
2019-04-29 10:49:23.111 DEBUG 2138 --- [Thread-11] com.example.servlet.HtmlServlet          : destroy...
2019-04-29 10:49:29.419  INFO 2767 --- [restartedMain] com.example.Example                      : Starting Example on gx with PID 2767 (/home/guanxine/work/git/learn-spring-boot/1-create-pom/target/classes started by guanxine in /home/guanxine/work/git/learn-spring-boot/1-create-pom)
2019-04-29 10:49:29.425 DEBUG 2767 --- [restartedMain] com.example.Example                      : Running with Spring Boot v2.1.4.RELEASE, Spring v5.1.6.RELEASE
2019-04-29 10:49:29.426  INFO 2767 --- [restartedMain] com.example.Example                      : No active profile set, falling back to default profiles: default
2019-04-29 10:49:29.475  INFO 2767 --- [restartedMain] .e.DevToolsPropertyDefaultsPostProcessor : Devtools property defaults active! Set 'spring.devtools.add-properties' to 'false' to disable
2019-04-29 10:49:29.838  WARN 2767 --- [restartedMain] ConfigServletWebServerApplicationContext : Exception encountered during context initialization - cancelling refresh attempt: org.springframework.beans.factory.support.BeanDefinitionOverrideException: Invalid bean definition with name 'springFilter1' defined in com.example.filter.FilterConfig: Cannot register bean definition [Root bean: class [null]; scope=; abstract=false; lazyInit=false; autowireMode=3; dependencyCheck=0; autowireCandidate=true; primary=false; factoryBeanName=com.example.filter.FilterConfig; factoryMethodName=springFilter1; initMethodName=null; destroyMethodName=(inferred); defined in com.example.filter.FilterConfig] for bean 'springFilter1': There is already [Generic bean: class [com.example.filter.SpringFilter1]; scope=singleton; abstract=false; lazyInit=false; autowireMode=0; dependencyCheck=0; autowireCandidate=true; primary=false; factoryBeanName=null; factoryMethodName=null; initMethodName=null; destroyMethodName=null; defined in file [/home/guanxine/work/git/learn-spring-boot/1-create-pom/target/classes/com/example/filter/SpringFilter1.class]] bound.
2019-04-29 10:49:29.845  INFO 2767 --- [restartedMain] ConditionEvaluationReportLoggingListener : 

Error starting ApplicationContext. To display the conditions report re-run your application with 'debug' enabled.
2019-04-29 10:49:29.847 ERROR 2767 --- [restartedMain] o.s.b.d.LoggingFailureAnalysisReporter   : 

***************************
APPLICATION FAILED TO START
***************************

Description:

The bean 'springFilter1', defined in com.example.filter.FilterConfig, could not be registered. A bean with that name has already been defined in file [/home/guanxine/work/git/learn-spring-boot/1-create-pom/target/classes/com/example/filter/SpringFilter1.class] and overriding is disabled.

Action:

Consider renaming one of the beans or enabling overriding by setting spring.main.allow-bean-definition-overriding=true

2019-04-29 10:50:36.317  INFO 2991 --- [restartedMain] com.example.Example                      : Starting Example on gx with PID 2991 (/home/guanxine/work/git/learn-spring-boot/1-create-pom/target/classes started by guanxine in /home/guanxine/work/git/learn-spring-boot/1-create-pom)
2019-04-29 10:50:36.320 DEBUG 2991 --- [restartedMain] com.example.Example                      : Running with Spring Boot v2.1.4.RELEASE, Spring v5.1.6.RELEASE
2019-04-29 10:50:36.321  INFO 2991 --- [restartedMain] com.example.Example                      : No active profile set, falling back to default profiles: default
2019-04-29 10:50:36.380  INFO 2991 --- [restartedMain] .e.DevToolsPropertyDefaultsPostProcessor : Devtools property defaults active! Set 'spring.devtools.add-properties' to 'false' to disable
2019-04-29 10:50:37.223  INFO 2991 --- [restartedMain] o.s.b.w.embedded.tomcat.TomcatWebServer  : Tomcat initialized with port(s): 8089 (http)
2019-04-29 10:50:37.242  INFO 2991 --- [restartedMain] o.apache.catalina.core.StandardService   : Starting service [Tomcat]
2019-04-29 10:50:37.242  INFO 2991 --- [restartedMain] org.apache.catalina.core.StandardEngine  : Starting Servlet engine: [Apache Tomcat/9.0.17]
2019-04-29 10:50:37.294  INFO 2991 --- [restartedMain] o.a.c.c.C.[Tomcat].[localhost].[/]       : Initializing Spring embedded WebApplicationContext
2019-04-29 10:50:37.295 DEBUG 2991 --- [restartedMain] o.s.web.context.ContextLoader            : Published root WebApplicationContext as ServletContext attribute with name [org.springframework.web.context.WebApplicationContext.ROOT]
2019-04-29 10:50:37.295  INFO 2991 --- [restartedMain] o.s.web.context.ContextLoader            : Root WebApplicationContext: initialization completed in 915 ms
2019-04-29 10:50:37.297 DEBUG 2991 --- [restartedMain] com.example.filter.FilterConfig          : Init filter config..
2019-04-29 10:50:37.301 DEBUG 2991 --- [restartedMain] com.example.servlet.HtmlServlet          : init html servlet..
2019-04-29 10:50:37.323 DEBUG 2991 --- [restartedMain] o.s.b.w.s.ServletContextInitializerBeans : Mapping filters: filterRegistrationBean urls=[/*], filterRegistrationBean urls=[/*], characterEncodingFilter urls=[/*], hiddenHttpMethodFilter urls=[/*], formContentFilter urls=[/*], requestContextFilter urls=[/*], springFilter1 urls=[/*]
2019-04-29 10:50:37.325 DEBUG 2991 --- [restartedMain] o.s.b.w.s.ServletContextInitializerBeans : Mapping servlets: htmlServlet urls=[/html], dispatcherServlet urls=[/]
2019-04-29 10:50:37.382 DEBUG 2991 --- [restartedMain] o.s.w.s.handler.SimpleUrlHandlerMapping  : Patterns [/**/favicon.ico] in 'faviconHandlerMapping'
2019-04-29 10:50:37.465  INFO 2991 --- [restartedMain] o.s.s.concurrent.ThreadPoolTaskExecutor  : Initializing ExecutorService 'applicationTaskExecutor'
2019-04-29 10:50:37.474 DEBUG 2991 --- [restartedMain] s.w.s.m.m.a.RequestMappingHandlerAdapter : ControllerAdvice beans: 0 @ModelAttribute, 0 @InitBinder, 1 RequestBodyAdvice, 1 ResponseBodyAdvice
2019-04-29 10:50:37.516 DEBUG 2991 --- [restartedMain] s.w.s.m.m.a.RequestMappingHandlerMapping : 5 mappings in 'requestMappingHandlerMapping'
2019-04-29 10:50:37.525 DEBUG 2991 --- [restartedMain] o.s.w.s.handler.SimpleUrlHandlerMapping  : Patterns [/webjars/**, /**] in 'resourceHandlerMapping'
2019-04-29 10:50:37.533 DEBUG 2991 --- [restartedMain] .m.m.a.ExceptionHandlerExceptionResolver : ControllerAdvice beans: 0 @ExceptionHandler, 1 ResponseBodyAdvice
2019-04-29 10:50:37.596  INFO 2991 --- [restartedMain] o.s.b.d.a.OptionalLiveReloadServer       : LiveReload server is running on port 35729
2019-04-29 10:50:37.627  INFO 2991 --- [restartedMain] o.s.b.w.embedded.tomcat.TomcatWebServer  : Tomcat started on port(s): 8089 (http) with context path ''
2019-04-29 10:50:37.630  INFO 2991 --- [restartedMain] com.example.Example                      : Started Example in 1.639 seconds (JVM running for 2.12)
2019-04-29 10:51:08.661 DEBUG 2991 --- [http-nio-8089-exec-2] com.example.servlet.HtmlServlet          : init...
2019-04-29 10:51:08.666  INFO 2991 --- [http-nio-8089-exec-2] com.example.filter.SpringFilter1         : SpringFilter1...
2019-04-29 10:51:08.667  INFO 2991 --- [http-nio-8089-exec-2] com.example.filter.SpringFilter2         : SpringFilter2...
2019-04-29 10:51:08.667  INFO 2991 --- [http-nio-8089-exec-2] com.example.filter.BaseFilter3           : Base Filter3...
2019-04-29 10:51:08.667 DEBUG 2991 --- [http-nio-8089-exec-2] com.example.servlet.HtmlServlet          : do get...
2019-04-29 10:58:42.071  INFO 2991 --- [Thread-11] o.s.s.concurrent.ThreadPoolTaskExecutor  : Shutting down ExecutorService 'applicationTaskExecutor'
2019-04-29 10:58:42.080 DEBUG 2991 --- [Thread-11] com.example.servlet.HtmlServlet          : destroy...
2019-04-29 10:58:46.851  INFO 3939 --- [restartedMain] com.example.Example                      : Starting Example on gx with PID 3939 (/home/guanxine/work/git/learn-spring-boot/1-create-pom/target/classes started by guanxine in /home/guanxine/work/git/learn-spring-boot/1-create-pom)
2019-04-29 10:58:46.854 DEBUG 3939 --- [restartedMain] com.example.Example                      : Running with Spring Boot v2.1.4.RELEASE, Spring v5.1.6.RELEASE
2019-04-29 10:58:46.855  INFO 3939 --- [restartedMain] com.example.Example                      : No active profile set, falling back to default profiles: default
2019-04-29 10:58:46.915  INFO 3939 --- [restartedMain] .e.DevToolsPropertyDefaultsPostProcessor : Devtools property defaults active! Set 'spring.devtools.add-properties' to 'false' to disable
2019-04-29 10:58:47.746  INFO 3939 --- [restartedMain] o.s.b.w.embedded.tomcat.TomcatWebServer  : Tomcat initialized with port(s): 8089 (http)
2019-04-29 10:58:47.763  INFO 3939 --- [restartedMain] o.apache.catalina.core.StandardService   : Starting service [Tomcat]
2019-04-29 10:58:47.763  INFO 3939 --- [restartedMain] org.apache.catalina.core.StandardEngine  : Starting Servlet engine: [Apache Tomcat/9.0.17]
2019-04-29 10:58:47.815  INFO 3939 --- [restartedMain] o.a.c.c.C.[Tomcat].[localhost].[/]       : Initializing Spring embedded WebApplicationContext
2019-04-29 10:58:47.815 DEBUG 3939 --- [restartedMain] o.s.web.context.ContextLoader            : Published root WebApplicationContext as ServletContext attribute with name [org.springframework.web.context.WebApplicationContext.ROOT]
2019-04-29 10:58:47.815  INFO 3939 --- [restartedMain] o.s.web.context.ContextLoader            : Root WebApplicationContext: initialization completed in 900 ms
2019-04-29 10:58:47.817 DEBUG 3939 --- [restartedMain] com.example.filter.FilterConfig          : Init filter config..
2019-04-29 10:58:47.821 DEBUG 3939 --- [restartedMain] com.example.servlet.HtmlServlet          : init html servlet..
2019-04-29 10:58:47.839 DEBUG 3939 --- [restartedMain] o.s.b.w.s.ServletContextInitializerBeans : Mapping filters: filterRegistrationBean urls=[/*], filterRegistrationBean urls=[/*], characterEncodingFilter urls=[/*], hiddenHttpMethodFilter urls=[/*], formContentFilter urls=[/*], requestContextFilter urls=[/*], springFilter1 urls=[/*]
2019-04-29 10:58:47.840 DEBUG 3939 --- [restartedMain] o.s.b.w.s.ServletContextInitializerBeans : Mapping servlets: htmlServlet urls=[/html], dispatcherServlet urls=[/]
2019-04-29 10:58:47.851 DEBUG 3939 --- [restartedMain] com.example.listener.ServletListener     : ServletListener init...
2019-04-29 10:58:47.898 DEBUG 3939 --- [restartedMain] o.s.w.s.handler.SimpleUrlHandlerMapping  : Patterns [/**/favicon.ico] in 'faviconHandlerMapping'
2019-04-29 10:58:47.980  INFO 3939 --- [restartedMain] o.s.s.concurrent.ThreadPoolTaskExecutor  : Initializing ExecutorService 'applicationTaskExecutor'
2019-04-29 10:58:47.993 DEBUG 3939 --- [restartedMain] s.w.s.m.m.a.RequestMappingHandlerAdapter : ControllerAdvice beans: 0 @ModelAttribute, 0 @InitBinder, 1 RequestBodyAdvice, 1 ResponseBodyAdvice
2019-04-29 10:58:48.030 DEBUG 3939 --- [restartedMain] s.w.s.m.m.a.RequestMappingHandlerMapping : 5 mappings in 'requestMappingHandlerMapping'
2019-04-29 10:58:48.038 DEBUG 3939 --- [restartedMain] o.s.w.s.handler.SimpleUrlHandlerMapping  : Patterns [/webjars/**, /**] in 'resourceHandlerMapping'
2019-04-29 10:58:48.043 DEBUG 3939 --- [restartedMain] .m.m.a.ExceptionHandlerExceptionResolver : ControllerAdvice beans: 0 @ExceptionHandler, 1 ResponseBodyAdvice
2019-04-29 10:58:48.104  INFO 3939 --- [restartedMain] o.s.b.d.a.OptionalLiveReloadServer       : LiveReload server is running on port 35729
2019-04-29 10:58:48.140  INFO 3939 --- [restartedMain] o.s.b.w.embedded.tomcat.TomcatWebServer  : Tomcat started on port(s): 8089 (http) with context path ''
2019-04-29 10:58:48.144  INFO 3939 --- [restartedMain] com.example.Example                      : Started Example in 1.612 seconds (JVM running for 2.144)
2019-04-29 10:59:00.806  INFO 3939 --- [Thread-11] o.s.s.concurrent.ThreadPoolTaskExecutor  : Shutting down ExecutorService 'applicationTaskExecutor'
2019-04-29 10:59:00.817 DEBUG 3939 --- [Thread-11] com.example.listener.ServletListener     : ServletListener destroy...
